#
# There is insufficient memory for the Java Runtime Environment to continue.
# Native memory allocation (mmap) failed to map 268435456 bytes for Failed to commit area from 0x0000000701200000 to 0x0000000711200000 of length 268435456.
# Possible reasons:
#   The system is out of physical RAM or swap space
#   The process is running with CompressedOops enabled, and the Java Heap may be blocking the growth of the native heap
# Possible solutions:
#   Reduce memory load on the system
#   Increase physical memory or swap space
#   Check if swap backing store is full
#   Decrease Java heap size (-Xmx/-Xms)
#   Decrease number of Java threads
#   Decrease Java thread stack sizes (-Xss)
#   Set larger code cache with -XX:ReservedCodeCacheSize=
# This output file may be truncated or incomplete.
#
#  Out of Memory Error (./src/hotspot/os/windows/os_windows.cpp:3303), pid=19368, tid=11912
#
# JRE version:  (11.0.8+10) (build )
# Java VM: OpenJDK 64-Bit Server VM (11.0.8+10-b944.34, mixed mode, sharing, tiered, compressed oops, g1 gc, windows-amd64)
# No core dump will be written. Minidumps are not enabled by default on client versions of Windows
#

---------------  S U M M A R Y ------------

Command Line: org.jetbrains.git4idea.http.GitAskPassApp Username for 'https://gitlab.com': 

Host: Intel(R) Core(TM) i7-7500U CPU @ 2.70GHz, 4 cores, 15G,  Windows 10 , 64 bit Build 19041 (10.0.19041.928)
Time: Wed Jun 30 10:41:09 2021 Iran Daylight Time elapsed time: 0 seconds (0d 0h 0m 0s)

---------------  T H R E A D  ---------------

Current thread (0x000001760880b000):  JavaThread "Unknown thread" [_thread_in_vm, id=11912, stack(0x00000029beb00000,0x00000029bec00000)]

Stack: [0x00000029beb00000,0x00000029bec00000]
Native frames: (J=compiled Java code, j=interpreted, Vv=VM code, C=native code)
V  [jvm.dll+0x5de35a]
V  [jvm.dll+0x712355]
V  [jvm.dll+0x7138ad]
V  [jvm.dll+0x713f63]
V  [jvm.dll+0x23e628]
V  [jvm.dll+0x5db804]
V  [jvm.dll+0x5d0925]
V  [jvm.dll+0x2faf9b]
V  [jvm.dll+0x2faf0a]
V  [jvm.dll+0x2fade2]
V  [jvm.dll+0x2ffcb6]
V  [jvm.dll+0x3483a3]
V  [jvm.dll+0x348aa6]
V  [jvm.dll+0x3484a3]
V  [jvm.dll+0x2d5be8]
V  [jvm.dll+0x2d6d87]
V  [jvm.dll+0x6f10e7]
V  [jvm.dll+0x6f28dc]
V  [jvm.dll+0x3558f9]
V  [jvm.dll+0x6d492e]
V  [jvm.dll+0x3bdad3]
V  [jvm.dll+0x3bfd01]
C  [jli.dll+0x5373]
C  [ucrtbase.dll+0x21bb2]
C  [KERNEL32.DLL+0x17034]
C  [ntdll.dll+0x52651]


---------------  P R O C E S S  ---------------

Threads class SMR info:
_java_thread_list=0x00000176086cf210, length=0, elements={
}

Java Threads: ( => current thread )

Other Threads:
  0x0000017608824800 GCTaskThread "GC Thread#0" [stack: 0x00000029bec00000,0x00000029bed00000] [id=21000]
  0x0000017608881000 ConcurrentGCThread "G1 Main Marker" [stack: 0x00000029bed00000,0x00000029bee00000] [id=17872]
  0x0000017608882800 ConcurrentGCThread "G1 Conc#0" [stack: 0x00000029bee00000,0x00000029bef00000] [id=14464]

[error occurred during error reporting (printing all threads), id 0xc0000005, EXCEPTION_ACCESS_VIOLATION (0xc0000005) at pc=0x00007ffc2ab060c7]

VM state:not at safepoint (not fully initialized)

VM Mutex/Monitor currently owned by a thread:  ([mutex/lock_event])
[0x00000176088069f0] Heap_lock - owner thread: 0x000001760880b000

Heap address: 0x0000000701200000, size: 4078 MB, Compressed Oops mode: Non-zero based: 0x0000000701200000
Narrow klass base: 0x0000000000000000, Narrow klass shift: 0

GC Heap History (0 events):
No events

Deoptimization events (0 events):
No events

Classes redefined (0 events):
No events

Internal exceptions (0 events):
No events

Events (1 events):
Event: 0.011 Loaded shared library C:\Program Files\JetBrains\PhpStorm 2020.2.3\jbr\bin\zip.dll


Dynamic libraries:
0x00007ff61f570000 - 0x00007ff61f57a000 	C:\Program Files\JetBrains\PhpStorm 2020.2.3\jbr\bin\java.exe
0x00007ffca40f0000 - 0x00007ffca42e5000 	C:\WINDOWS\SYSTEM32\ntdll.dll
0x00007ffca3ff0000 - 0x00007ffca40ad000 	C:\WINDOWS\System32\KERNEL32.DLL
0x00007ffca1b60000 - 0x00007ffca1e28000 	C:\WINDOWS\System32\KERNELBASE.dll
0x00007ffca19c0000 - 0x00007ffca1ac0000 	C:\WINDOWS\System32\ucrtbase.dll
0x00007ffc868d0000 - 0x00007ffc868e9000 	C:\Program Files\JetBrains\PhpStorm 2020.2.3\jbr\bin\jli.dll
0x00007ffc8fc50000 - 0x00007ffc8fc67000 	C:\Program Files\JetBrains\PhpStorm 2020.2.3\jbr\bin\VCRUNTIME140.dll
0x00007ffca2150000 - 0x00007ffca22f0000 	C:\WINDOWS\System32\USER32.dll
0x00007ffca20d0000 - 0x00007ffca20f2000 	C:\WINDOWS\System32\win32u.dll
0x00007ffc93df0000 - 0x00007ffc9408a000 	C:\WINDOWS\WinSxS\amd64_microsoft.windows.common-controls_6595b64144ccf1df_6.0.19041.844_none_ca00b6081b84eb1d\COMCTL32.dll
0x00007ffca3e20000 - 0x00007ffca3e4a000 	C:\WINDOWS\System32\GDI32.dll
0x00007ffca3d80000 - 0x00007ffca3e1e000 	C:\WINDOWS\System32\msvcrt.dll
0x00007ffca1fc0000 - 0x00007ffca20cb000 	C:\WINDOWS\System32\gdi32full.dll
0x00007ffca1ac0000 - 0x00007ffca1b5d000 	C:\WINDOWS\System32\msvcp_win.dll
0x00007ffca30a0000 - 0x00007ffca30d0000 	C:\WINDOWS\System32\IMM32.DLL
0x00007ffc74e50000 - 0x00007ffc74eed000 	C:\Program Files\JetBrains\PhpStorm 2020.2.3\jbr\bin\msvcp140.dll
0x00007ffc2a820000 - 0x00007ffc2b2dd000 	C:\Program Files\JetBrains\PhpStorm 2020.2.3\jbr\bin\server\jvm.dll
0x00007ffca2760000 - 0x00007ffca280c000 	C:\WINDOWS\System32\ADVAPI32.dll
0x00007ffca28c0000 - 0x00007ffca295b000 	C:\WINDOWS\System32\sechost.dll
0x00007ffca2f10000 - 0x00007ffca303b000 	C:\WINDOWS\System32\RPCRT4.dll
0x00007ffca3fd0000 - 0x00007ffca3fd8000 	C:\WINDOWS\System32\PSAPI.DLL
0x00007ffc9ad40000 - 0x00007ffc9ad67000 	C:\WINDOWS\SYSTEM32\WINMM.dll
0x00007ffc9b660000 - 0x00007ffc9b66a000 	C:\WINDOWS\SYSTEM32\VERSION.dll
0x00007ffc8fad0000 - 0x00007ffc8fad9000 	C:\WINDOWS\SYSTEM32\WSOCK32.dll
0x00007ffca2a30000 - 0x00007ffca2a9b000 	C:\WINDOWS\System32\WS2_32.dll
0x00007ffca0150000 - 0x00007ffca0162000 	C:\WINDOWS\SYSTEM32\kernel.appcore.dll
0x00007ffc87160000 - 0x00007ffc87171000 	C:\Program Files\JetBrains\PhpStorm 2020.2.3\jbr\bin\verify.dll
0x00007ffc9bbd0000 - 0x00007ffc9bdb4000 	C:\WINDOWS\SYSTEM32\DBGHELP.DLL
0x00007ffc9bb20000 - 0x00007ffc9bb4c000 	C:\WINDOWS\SYSTEM32\dbgcore.DLL
0x00007ffca1830000 - 0x00007ffca18b0000 	C:\WINDOWS\System32\bcryptPrimitives.dll
0x00007ffc87130000 - 0x00007ffc87159000 	C:\Program Files\JetBrains\PhpStorm 2020.2.3\jbr\bin\java.dll
0x00007ffc94ac0000 - 0x00007ffc94acb000 	C:\Program Files\JetBrains\PhpStorm 2020.2.3\jbr\bin\jimage.dll
0x00007ffc868b0000 - 0x00007ffc868c8000 	C:\Program Files\JetBrains\PhpStorm 2020.2.3\jbr\bin\zip.dll

dbghelp: loaded successfully - version: 4.0.5 - missing functions: none
symbol engine: initialized successfully - sym options: 0x614 - pdb path: .;C:\Program Files\JetBrains\PhpStorm 2020.2.3\jbr\bin;C:\WINDOWS\SYSTEM32;C:\WINDOWS\WinSxS\amd64_microsoft.windows.common-controls_6595b64144ccf1df_6.0.19041.844_none_ca00b6081b84eb1d;C:\Program Files\JetBrains\PhpStorm 2020.2.3\jbr\bin\server

VM Arguments:
java_command: org.jetbrains.git4idea.http.GitAskPassApp Username for 'https://gitlab.com': 
java_class_path (initial): C:/Program Files/JetBrains/PhpStorm 2020.2.3/plugins/git4idea/lib/git4idea-rt.jar;C:/Program Files/JetBrains/PhpStorm 2020.2.3/lib/xmlrpc-2.0.1.jar;C:/Program Files/JetBrains/PhpStorm 2020.2.3/lib/commons-codec-1.14.jar
Launcher Type: SUN_STANDARD

[Global flags]
     intx CICompilerCount                          = 3                                         {product} {ergonomic}
     uint ConcGCThreads                            = 1                                         {product} {ergonomic}
     uint G1ConcRefinementThreads                  = 4                                         {product} {ergonomic}
   size_t G1HeapRegionSize                         = 1048576                                   {product} {ergonomic}
    uintx GCDrainStackTargetSize                   = 64                                        {product} {ergonomic}
   size_t InitialHeapSize                          = 268435456                                 {product} {ergonomic}
   size_t MarkStackSize                            = 4194304                                   {product} {ergonomic}
   size_t MaxHeapSize                              = 4276092928                                {product} {ergonomic}
   size_t MinHeapDeltaBytes                        = 1048576                                   {product} {ergonomic}
    uintx NonNMethodCodeHeapSize                   = 5830732                                {pd product} {ergonomic}
    uintx NonProfiledCodeHeapSize                  = 122913754                              {pd product} {ergonomic}
    uintx ProfiledCodeHeapSize                     = 122913754                              {pd product} {ergonomic}
    uintx ReservedCodeCacheSize                    = 251658240                              {pd product} {ergonomic}
     bool SegmentedCodeCache                       = true                                      {product} {ergonomic}
     bool UseCompressedClassPointers               = true                                 {lp64_product} {ergonomic}
     bool UseCompressedOops                        = true                                 {lp64_product} {ergonomic}
     bool UseG1GC                                  = true                                      {product} {ergonomic}
     bool UseLargePagesIndividualAllocation        = false                                  {pd product} {ergonomic}

Logging:
Log output configuration:
 #0: stdout all=warning uptime,level,tags
 #1: stderr all=off uptime,level,tags

Environment Variables:
PATH=C:/Program Files/Git/mingw64/libexec/git-core;C:/Program Files/Git/mingw64/libexec/git-core;C:\Program Files\Git\mingw64\bin;C:\Program Files\Git\usr\bin;C:\Users\yzein\bin;C:\WINDOWS\system32;C:\WINDOWS;C:\WINDOWS\System32\Wbem;C:\WINDOWS\System32\WindowsPowerShell\v1.0\;C:\Program Files\Microsoft VS Code\bin;C:\Program Files\dotnet\;C:\WINDOWS\System32\OpenSSH\;C:\Program Files (x86)\NVIDIA Corporation\PhysX\Common;C:\Program Files\PuTTY\;C:\WINDOWS\system32;C:\WINDOWS;C:\WINDOWS\System32\Wbem;C:\WINDOWS\System32\WindowsPowerShell\v1.0\;C:\WINDOWS\System32\OpenSSH\;D:\aaaa\apps\xampp\php;C:\composer;C:\Program Files\Git\cmd;C:\Program Files\nodejs\;C:\Users\yzein\AppData\Local\Programs\Python\Python38-32\Scripts\;C:\Users\yzein\AppData\Local\Programs\Python\Python38-32\;C:\Users\yzein\AppData\Local\Microsoft\WindowsApps;C:\Program Files\JetBrains\PyCharm 2019.3.4\bin;C:\Users\yzein\AppData\Local\Microsoft\WindowsApps;C:\Users\yzein\AppData\Roaming\Composer\vendor\bin;C:\Users\yzein\AppData\Roaming\npm
USERNAME=yzein
DISPLAY=:0.0
LC_ALL=en_US.UTF-8
OS=Windows_NT
PROCESSOR_IDENTIFIER=Intel64 Family 6 Model 142 Stepping 9, GenuineIntel



---------------  S Y S T E M  ---------------

OS: Windows 10 , 64 bit Build 19041 (10.0.19041.928)
OS uptime: 9 days 14:06 hours

CPU:total 4 (initial active 4) (2 cores per cpu, 2 threads per core) family 6 model 142 stepping 9, cmov, cx8, fxsr, mmx, sse, sse2, sse3, ssse3, sse4.1, sse4.2, popcnt, avx, avx2, aes, clmul, erms, 3dnowpref, lzcnt, ht, tsc, tscinvbit, bmi1, bmi2, adx, fma

Memory: 4k page, system-wide physical 16304M (3868M free)
TotalPageFile size 16304M (AvailPageFile size 226M)
current process WorkingSet (physical memory assigned to process): 9M, peak: 9M
current process commit charge ("private bytes"): 52M, peak: 307M

vm_info: OpenJDK 64-Bit Server VM (11.0.8+10-b944.34) for windows-amd64 JRE (11.0.8+10-b944.34), built on Sep 11 2020 15:32:11 by "" with MS VC++ 14.0 (VS2015)

END.
